<?xml version="1.0" encoding="UTF-8"?>
<!-- Generated by org.testng.reporters.JUnitXMLReporter -->
<testsuite hostname="rsharmas-MacBook-Pro.local" ignored="2" name="testone" tests="2" failures="0" timestamp="2020-09-21T04:42:15 IST" time="114.736" errors="0">
  <testcase name="testGmailSearchFunctionality" time="42.846" classname="org.assignment.testcases.GmailUsingJavaMailTest"/>
  <testcase name="testGmailSearchFunctionalityUsingExcel" time="32.482" classname="org.assignment.testcases.GmailUsingJavaMailTest"/>
  <testcase name="testDownloadAttachmentAndRenamedFunctionality" time="0.0" classname="org.assignment.testcases.GmailUsingJavaMailTest">
    <ignored/>
  </testcase> <!-- testDownloadAttachmentAndRenamedFunctionality -->
  <testcase name="testGettingLatestEmailWithAttachmentFunctionality" time="0.0" classname="org.assignment.testcases.GmailUsingJavaMailTest">
    <ignored/>
  </testcase> <!-- testGettingLatestEmailWithAttachmentFunctionality -->
</testsuite> <!-- testone -->
